\BOOKMARK [1][-]{section*.1}{\376\377\000A\000b\000s\000t\000r\000a\000c\000t}{}% 1
\BOOKMARK [1][-]{section.1}{\376\377\0001\000\040\000I\000n\000t\000r\000o\000d\000u\000c\000t\000i\000o\000n}{}% 2
\BOOKMARK [1][-]{section.2}{\376\377\0002\000\040\000R\000e\000l\000a\000t\000e\000d\000\040\000W\000o\000r\000k}{}% 3
\BOOKMARK [1][-]{section.3}{\376\377\0003\000\040\000S\000y\000s\000t\000e\000m\000\040\000O\000v\000e\000r\000v\000i\000e\000w}{}% 4
\BOOKMARK [1][-]{section.4}{\376\377\0004\000\040\000M\000e\000t\000h\000o\000d}{}% 5
\BOOKMARK [2][-]{subsection.4.1}{\376\377\0004\000.\0001\000\040\000S\000m\000a\000r\000t\000\040\000D\000y\000n\000a\000m\000i\000c\000\040\000S\000a\000m\000p\000l\000i\000n\000g}{section.4}% 6
\BOOKMARK [2][-]{subsection.4.2}{\376\377\0004\000.\0002\000\040\000P\000a\000r\000a\000l\000l\000e\000l\000\040\000L\000L\000M\000\040\000G\000e\000n\000e\000r\000a\000t\000i\000o\000n}{section.4}% 7
\BOOKMARK [2][-]{subsection.4.3}{\376\377\0004\000.\0003\000\040\000T\000h\000r\000e\000e\000-\000S\000t\000a\000g\000e\000\040\000F\000i\000l\000t\000e\000r\000\040\000P\000i\000p\000e\000l\000i\000n\000e}{section.4}% 8
\BOOKMARK [2][-]{subsection.4.4}{\376\377\0004\000.\0004\000\040\000O\000f\000f\000l\000i\000n\000e\000\040\000P\000o\000l\000i\000c\000y\000\040\000E\000x\000p\000l\000o\000r\000a\000t\000i\000o\000n}{section.4}% 9
\BOOKMARK [1][-]{section.5}{\376\377\0005\000\040\000P\000r\000o\000b\000a\000b\000i\000l\000i\000s\000t\000i\000c\000\040\000L\000o\000o\000p\000\040\000S\000y\000n\000t\000h\000e\000s\000i\000s}{}% 10
\BOOKMARK [2][-]{subsection.5.1}{\376\377\0005\000.\0001\000\040\000H\000y\000p\000e\000r\000p\000a\000r\000a\000m\000e\000t\000e\000r\000s}{section.5}% 11
\BOOKMARK [2][-]{subsection.5.2}{\376\377\0005\000.\0002\000\040\000D\000S\000L\000\040\000S\000y\000n\000t\000a\000x}{section.5}% 12
\BOOKMARK [2][-]{subsection.5.3}{\376\377\0005\000.\0003\000\040\000P\000r\000o\000g\000r\000a\000m\000\040\000S\000t\000r\000u\000c\000t\000u\000r\000e}{section.5}% 13
\BOOKMARK [2][-]{subsection.5.4}{\376\377\0005\000.\0004\000\040\000S\000e\000m\000a\000n\000t\000i\000c\000\040\000L\000o\000o\000p\000\040\000T\000e\000m\000p\000l\000a\000t\000e\000s}{section.5}% 14
\BOOKMARK [2][-]{subsection.5.5}{\376\377\0005\000.\0005\000\040\000G\000e\000n\000e\000r\000a\000t\000i\000v\000e\000\040\000D\000i\000s\000t\000r\000i\000b\000u\000t\000i\000o\000n}{section.5}% 15
\BOOKMARK [1][-]{section.6}{\376\377\0006\000\040\000E\000x\000p\000e\000r\000i\000m\000e\000n\000t\000s}{}% 16
\BOOKMARK [1][-]{section.7}{\376\377\0007\000\040\000C\000o\000n\000c\000l\000u\000s\000i\000o\000n}{}% 17
\BOOKMARK [1][-]{appendix.A}{\376\377\000A\000\040\000L\000o\000o\000p\000F\000a\000c\000t\000o\000r\000y\000\040\000D\000S\000L\000:\000\040\000S\000a\000m\000p\000l\000i\000n\000g\000\040\000P\000r\000o\000c\000e\000d\000u\000r\000e\000\040\000a\000n\000d\000\040\000C\000o\000n\000c\000r\000e\000t\000e\000\040\000E\000x\000a\000m\000p\000l\000e}{}% 18
\BOOKMARK [2][-]{subsection.A.1}{\376\377\000A\000.\0001\000\040\000F\000u\000l\000l\000\040\000G\000e\000n\000e\000r\000a\000t\000i\000o\000n\000\040\000P\000r\000o\000c\000e\000d\000u\000r\000e}{appendix.A}% 19
\BOOKMARK [2][-]{subsection.A.2}{\376\377\000A\000.\0002\000\040\000L\000o\000o\000p\000-\000C\000o\000n\000t\000r\000o\000l\000\040\000M\000o\000d\000e\000\040\000S\000a\000m\000p\000l\000i\000n\000g}{appendix.A}% 20
\BOOKMARK [2][-]{subsection.A.3}{\376\377\000A\000.\0003\000\040\000C\000o\000n\000c\000r\000e\000t\000e\000\040\000G\000e\000n\000e\000r\000a\000t\000e\000d\000\040\000E\000x\000a\000m\000p\000l\000e}{appendix.A}% 21
\BOOKMARK [1][-]{appendix.B}{\376\377\000B\000\040\000D\000e\000t\000a\000i\000l\000e\000d\000\040\000I\000n\000v\000a\000r\000i\000a\000n\000t\000\040\000G\000e\000n\000e\000r\000a\000t\000i\000o\000n\000\040\000A\000l\000g\000o\000r\000i\000t\000h\000m}{}% 22
\BOOKMARK [2][-]{subsection.B.1}{\376\377\000B\000.\0001\000\040\000D\000a\000t\000a\000\040\000S\000t\000r\000u\000c\000t\000u\000r\000e\000s}{appendix.B}% 23
\BOOKMARK [2][-]{subsection.B.2}{\376\377\000B\000.\0002\000\040\000C\000o\000m\000p\000l\000e\000t\000e\000\040\000P\000e\000r\000-\000L\000o\000o\000p\000\040\000A\000l\000g\000o\000r\000i\000t\000h\000m}{appendix.B}% 24
\BOOKMARK [2][-]{subsection.B.3}{\376\377\000B\000.\0003\000\040\000R\000o\000l\000e\000\040\000o\000f\000\040\000S\000t\000a\000t\000i\000c\000\040\000A\000n\000a\000l\000y\000s\000i\000s}{appendix.B}% 25
\BOOKMARK [2][-]{subsection.B.4}{\376\377\000B\000.\0004\000\040\000N\000o\000n\000-\000A\000t\000t\000r\000i\000b\000u\000t\000a\000b\000i\000l\000i\000t\000y\000\040\000o\000f\000\040\000t\000h\000e\000\040\000C\000e\000r\000t\000i\000f\000i\000e\000d\000\040\000O\000u\000t\000p\000u\000t}{appendix.B}% 26
\BOOKMARK [1][-]{appendix.C}{\376\377\000C\000\040\000D\000P\000O\000\040\000D\000a\000t\000a\000\040\000C\000o\000n\000s\000t\000r\000u\000c\000t\000i\000o\000n\000:\000\040\000F\000o\000r\000m\000a\000l\000\040\000S\000p\000e\000c\000i\000f\000i\000c\000a\000t\000i\000o\000n}{}% 27
\BOOKMARK [2][-]{subsection.C.1}{\376\377\000C\000.\0001\000\040\000C\000h\000o\000s\000e\000n\000\040\000R\000e\000s\000p\000o\000n\000s\000e\000\040\000C\000o\000n\000s\000t\000r\000u\000c\000t\000i\000o\000n}{appendix.C}% 28
\BOOKMARK [2][-]{subsection.C.2}{\376\377\000C\000.\0002\000\040\000R\000e\000j\000e\000c\000t\000e\000d\000\040\000R\000e\000s\000p\000o\000n\000s\000e\000\040\000C\000o\000n\000s\000t\000r\000u\000c\000t\000i\000o\000n\000\040\000a\000n\000d\000\040\000S\000t\000a\000g\000e\000\040\000L\000a\000b\000e\000l\000l\000i\000n\000g}{appendix.C}% 29
\BOOKMARK [2][-]{subsection.C.3}{\376\377\000C\000.\0003\000\040\000S\000t\000a\000g\000e\000-\000S\000t\000r\000a\000t\000i\000f\000i\000e\000d\000\040\000L\000o\000s\000s\000\040\000W\000e\000i\000g\000h\000t\000i\000n\000g}{appendix.C}% 30
\BOOKMARK [2][-]{subsection.C.4}{\376\377\000C\000.\0004\000\040\000S\000F\000T\000\040\000R\000e\000c\000o\000r\000d\000s}{appendix.C}% 31
\BOOKMARK [1][-]{appendix.D}{\376\377\000D\000\040\000P\000r\000o\000m\000p\000t\000s\000\040\000U\000s\000e\000d\000\040\000i\000n\000\040\000E\000a\000c\000h\000\040\000S\000t\000a\000g\000e}{}% 32
\BOOKMARK [2][-]{subsection.D.1}{\376\377\000D\000.\0001\000\040\000S\000y\000s\000t\000e\000m\000\040\000P\000r\000o\000m\000p\000t}{appendix.D}% 33
\BOOKMARK [2][-]{subsection.D.2}{\376\377\000D\000.\0002\000\040\000U\000s\000e\000r\000\040\000P\000r\000o\000m\000p\000t\000\040\000\050\000L\000o\000o\000p\000\040\000C\000o\000n\000t\000e\000x\000t\000\040\000B\000l\000o\000c\000k\000\051}{appendix.D}% 34
\BOOKMARK [1][-]{appendix.E}{\376\377\000E\000\040\000H\000e\000u\000r\000i\000s\000t\000i\000c\000\040\000A\000C\000S\000L\000\040\000S\000y\000n\000t\000a\000x\000\040\000G\000a\000t\000e\000:\000\040\000I\000m\000p\000l\000e\000m\000e\000n\000t\000a\000t\000i\000o\000n\000\040\000D\000e\000t\000a\000i\000l\000s}{}% 35
\BOOKMARK [2][-]{subsection.E.1}{\376\377\000E\000.\0001\000\040\000R\000e\000j\000e\000c\000t\000i\000o\000n\000\040\000R\000u\000l\000e\000s}{appendix.E}% 36
\BOOKMARK [2][-]{subsection.E.2}{\376\377\000E\000.\0002\000\040\000P\000o\000s\000t\000-\000M\000e\000r\000g\000e\000\040\000S\000a\000n\000i\000t\000i\000s\000a\000t\000i\000o\000n}{appendix.E}% 37
\BOOKMARK [1][-]{appendix.F}{\376\377\000F\000\040\000S\000m\000a\000r\000t\000\040\000D\000y\000n\000a\000m\000i\000c\000\040\000S\000a\000m\000p\000l\000i\000n\000g\000:\000\040\000I\000m\000p\000l\000e\000m\000e\000n\000t\000a\000t\000i\000o\000n\000\040\000D\000e\000t\000a\000i\000l\000s}{}% 38
\BOOKMARK [2][-]{subsection.F.1}{\376\377\000F\000.\0001\000\040\000O\000v\000e\000r\000v\000i\000e\000w}{appendix.F}% 39
\BOOKMARK [2][-]{subsection.F.2}{\376\377\000F\000.\0002\000\040\000T\000i\000e\000r\000e\000d\000\040\000V\000a\000l\000u\000e\000\040\000G\000e\000n\000e\000r\000a\000t\000i\000o\000n}{appendix.F}% 40
\BOOKMARK [2][-]{subsection.F.3}{\376\377\000F\000.\0003\000\040\000P\000h\000a\000s\000e\000d\000\040\000C\000a\000r\000t\000e\000s\000i\000a\000n\000\040\000S\000a\000m\000p\000l\000i\000n\000g}{appendix.F}% 41
\BOOKMARK [2][-]{subsection.F.4}{\376\377\000F\000.\0004\000\040\000T\000r\000a\000c\000e\000\040\000C\000o\000l\000l\000e\000c\000t\000i\000o\000n\000\040\000a\000n\000d\000\040\000F\000o\000r\000m\000a\000t\000t\000i\000n\000g}{appendix.F}% 42
\BOOKMARK [1][-]{section*.37}{\376\377\000R\000e\000f\000e\000r\000e\000n\000c\000e\000s}{}% 43
